app/build/intermediates/manifest_merge_blame_file/debug/processDebugMainManifest/manifest-merger-blame-debug-report.txt
1<?xml version="1.0" encoding="utf-8"?>
2<manifest xmlns:android="http://schemas.android.com/apk/res/android"
3    package="com.example.askidaayemek"
4    android:versionCode="1"
5    android:versionName="1.0" >
6
7    <uses-sdk
8        android:minSdkVersion="24"
9        android:targetSdkVersion="35" />
10
11    <uses-feature
11-->src/main/AndroidManifest.xml:5:5-7:36
12        android:name="android.hardware.camera"
12-->src/main/AndroidManifest.xml:6:9-47
13        android:required="false" />
13-->src/main/AndroidManifest.xml:7:9-33
14
15    <uses-permission android:name="android.permission.INTERNET" />
15-->src/main/AndroidManifest.xml:9:5-67
15-->src/main/AndroidManifest.xml:9:22-64
16    <uses-permission android:name="android.permission.ACCESS_NETWORK_STATE" />
16-->src/main/AndroidManifest.xml:10:5-79
16-->src/main/AndroidManifest.xml:10:22-76
17    <uses-permission android:name="android.permission.CAMERA" />
17-->src/main/AndroidManifest.xml:11:5-65
17-->src/main/AndroidManifest.xml:11:22-62
18    <uses-permission android:name="android.permission.POST_NOTIFICATIONS" />
18-->src/main/AndroidManifest.xml:12:5-77
18-->src/main/AndroidManifest.xml:12:22-74
19    <uses-permission android:name="android.permission.READ_MEDIA_IMAGES" />
19-->src/main/AndroidManifest.xml:13:5-76
19-->src/main/AndroidManifest.xml:13:22-73
20    <uses-permission
20-->src/main/AndroidManifest.xml:14:5-107
21        android:name="android.permission.READ_EXTERNAL_STORAGE"
21-->src/main/AndroidManifest.xml:14:22-77
22        android:maxSdkVersion="32" />
22-->src/main/AndroidManifest.xml:14:78-104
23    <uses-permission android:name="android.permission.ACCESS_FINE_LOCATION" />
23-->src/main/AndroidManifest.xml:15:5-79
23-->src/main/AndroidManifest.xml:15:22-76
24    <uses-permission android:name="android.permission.ACCESS_COARSE_LOCATION" />
24-->src/main/AndroidManifest.xml:16:5-81
24-->src/main/AndroidManifest.xml:16:22-78
25
26    <uses-feature
26-->[org.maplibre.gl:android-sdk:11.0.0] AndroidManifest.xml:7:5-9:35
27        android:glEsVersion="0x00030000"
27-->[org.maplibre.gl:android-sdk:11.0.0] AndroidManifest.xml:8:9-41
28        android:required="true" />
28-->[org.maplibre.gl:android-sdk:11.0.0] AndroidManifest.xml:9:9-32
29    <uses-feature
29-->[org.maplibre.gl:android-sdk:11.0.0] AndroidManifest.xml:10:5-12:36
30        android:name="android.hardware.wifi"
30-->[org.maplibre.gl:android-sdk:11.0.0] AndroidManifest.xml:11:9-45
31        android:required="false" />
31-->[org.maplibre.gl:android-sdk:11.0.0] AndroidManifest.xml:12:9-33
32
33    <uses-permission android:name="android.permission.ACCESS_WIFI_STATE" />
33-->[org.maplibre.gl:android-sdk:11.0.0] AndroidManifest.xml:16:5-76
33-->[org.maplibre.gl:android-sdk:11.0.0] AndroidManifest.xml:16:22-73
34    <uses-permission android:name="android.permission.WAKE_LOCK" />
34-->[com.google.android.gms:play-services-measurement-api:22.0.0] AndroidManifest.xml:24:5-68
34-->[com.google.android.gms:play-services-measurement-api:22.0.0] AndroidManifest.xml:24:22-65
35    <uses-permission android:name="com.google.android.gms.permission.AD_ID" />
35-->[com.google.android.gms:play-services-measurement-api:22.0.0] AndroidManifest.xml:25:5-79
35-->[com.google.android.gms:play-services-measurement-api:22.0.0] AndroidManifest.xml:25:22-76
36    <uses-permission android:name="android.permission.ACCESS_ADSERVICES_ATTRIBUTION" />
36-->[com.google.android.gms:play-services-measurement-api:22.0.0] AndroidManifest.xml:26:5-88
36-->[com.google.android.gms:play-services-measurement-api:22.0.0] AndroidManifest.xml:26:22-85
37    <uses-permission android:name="android.permission.ACCESS_ADSERVICES_AD_ID" />
37-->[com.google.android.gms:play-services-measurement-api:22.0.0] AndroidManifest.xml:27:5-82
37-->[com.google.android.gms:play-services-measurement-api:22.0.0] AndroidManifest.xml:27:22-79
38    <uses-permission android:name="com.google.android.finsky.permission.BIND_GET_INSTALL_REFERRER_SERVICE" />
38-->[com.google.android.gms:play-services-measurement:22.0.0] AndroidManifest.xml:26:5-110
38-->[com.google.android.gms:play-services-measurement:22.0.0] AndroidManifest.xml:26:22-107
39    <uses-permission android:name="com.google.android.providers.gsf.permission.READ_GSERVICES" />
39-->[com.google.android.recaptcha:recaptcha:18.4.0] AndroidManifest.xml:9:5-98
39-->[com.google.android.recaptcha:recaptcha:18.4.0] AndroidManifest.xml:9:22-95
40
41    <permission
41-->[androidx.core:core:1.12.0] AndroidManifest.xml:22:5-24:47
42        android:name="com.example.askidaayemek.DYNAMIC_RECEIVER_NOT_EXPORTED_PERMISSION"
42-->[androidx.core:core:1.12.0] AndroidManifest.xml:23:9-81
43        android:protectionLevel="signature" />
43-->[androidx.core:core:1.12.0] AndroidManifest.xml:24:9-44
44
45    <uses-permission android:name="com.example.askidaayemek.DYNAMIC_RECEIVER_NOT_EXPORTED_PERMISSION" />
45-->[androidx.core:core:1.12.0] AndroidManifest.xml:26:5-97
45-->[androidx.core:core:1.12.0] AndroidManifest.xml:26:22-94
46
47    <uses-feature
47-->[com.journeyapps:zxing-android-embedded:4.3.0] AndroidManifest.xml:28:5-30:36
48        android:name="android.hardware.camera.front"
48-->[com.journeyapps:zxing-android-embedded:4.3.0] AndroidManifest.xml:29:9-53
49        android:required="false" /> <!-- TODO replace above two with next line after Android 4.2 -->
49-->[com.journeyapps:zxing-android-embedded:4.3.0] AndroidManifest.xml:30:9-33
50    <!-- <uses-feature android:name="android.hardware.camera.any"/> -->
51    <uses-feature
51-->[com.journeyapps:zxing-android-embedded:4.3.0] AndroidManifest.xml:33:5-35:36
52        android:name="android.hardware.camera.autofocus"
52-->[com.journeyapps:zxing-android-embedded:4.3.0] AndroidManifest.xml:34:9-57
53        android:required="false" />
53-->[com.journeyapps:zxing-android-embedded:4.3.0] AndroidManifest.xml:35:9-33
54    <uses-feature
54-->[com.journeyapps:zxing-android-embedded:4.3.0] AndroidManifest.xml:36:5-38:36
55        android:name="android.hardware.camera.flash"
55-->[com.journeyapps:zxing-android-embedded:4.3.0] AndroidManifest.xml:37:9-53
56        android:required="false" />
56-->[com.journeyapps:zxing-android-embedded:4.3.0] AndroidManifest.xml:38:9-33
57    <uses-feature
57-->[com.journeyapps:zxing-android-embedded:4.3.0] AndroidManifest.xml:39:5-41:36
58        android:name="android.hardware.screen.landscape"
58-->[com.journeyapps:zxing-android-embedded:4.3.0] AndroidManifest.xml:40:9-57
59        android:required="false" />
59-->[com.journeyapps:zxing-android-embedded:4.3.0] AndroidManifest.xml:41:9-33
60
61    <application
61-->src/main/AndroidManifest.xml:18:5-50:19
62        android:allowBackup="true"
62-->src/main/AndroidManifest.xml:19:9-35
63        android:appComponentFactory="androidx.core.app.CoreComponentFactory"
63-->[androidx.core:core:1.12.0] AndroidManifest.xml:28:18-86
64        android:dataExtractionRules="@xml/data_extraction_rules"
64-->src/main/AndroidManifest.xml:20:9-65
65        android:debuggable="true"
66        android:enableOnBackInvokedCallback="true"
66-->src/main/AndroidManifest.xml:27:9-51
67        android:extractNativeLibs="false"
68        android:fullBackupContent="@xml/backup_rules"
68-->src/main/AndroidManifest.xml:21:9-54
69        android:icon="@mipmap/ic_launcher"
69-->src/main/AndroidManifest.xml:22:9-43
70        android:label="@string/app_name"
70-->src/main/AndroidManifest.xml:23:9-41
71        android:roundIcon="@mipmap/ic_launcher_round"
71-->src/main/AndroidManifest.xml:24:9-54
72        android:supportsRtl="true"
72-->src/main/AndroidManifest.xml:25:9-35
73        android:testOnly="true"
74        android:theme="@style/Theme.AskidaaYemek"
74-->src/main/AndroidManifest.xml:28:9-50
75        android:usesCleartextTraffic="true" >
75-->src/main/AndroidManifest.xml:26:9-44
76        <meta-data
76-->src/main/AndroidManifest.xml:30:9-32:69
77            android:name="com.google.android.gms.ads.APPLICATION_ID"
77-->src/main/AndroidManifest.xml:31:13-69
78            android:value="ca-app-pub-3940256099942544~3347513513" />
78-->src/main/AndroidManifest.xml:32:13-67
79
80        <activity
80-->src/main/AndroidManifest.xml:34:9-38:40
81            android:name="com.journeyapps.barcodescanner.CaptureActivity"
81-->src/main/AndroidManifest.xml:35:13-74
82            android:clearTaskOnLaunch="true"
82-->[com.journeyapps:zxing-android-embedded:4.3.0] AndroidManifest.xml:49:13-45
83            android:exported="false"
83-->src/main/AndroidManifest.xml:38:13-37
84            android:hardwareAccelerated="true"
84-->src/main/AndroidManifest.xml:37:13-47
85            android:screenOrientation="fullSensor"
85-->src/main/AndroidManifest.xml:36:13-51
86            android:stateNotNeeded="true"
86-->[com.journeyapps:zxing-android-embedded:4.3.0] AndroidManifest.xml:51:13-42
87            android:theme="@style/zxing_CaptureTheme"
87-->[com.journeyapps:zxing-android-embedded:4.3.0] AndroidManifest.xml:52:13-54
88            android:windowSoftInputMode="stateAlwaysHidden" />
88-->[com.journeyapps:zxing-android-embedded:4.3.0] AndroidManifest.xml:53:13-60
89        <activity
89-->src/main/AndroidManifest.xml:40:9-48:20
90            android:name="com.example.askidaayemek.view.MainActivity"
90-->src/main/AndroidManifest.xml:41:13-46
91            android:exported="true"
91-->src/main/AndroidManifest.xml:42:13-36
92            android:windowSoftInputMode="stateHidden" >
92-->src/main/AndroidManifest.xml:43:13-54
93            <intent-filter>
93-->src/main/AndroidManifest.xml:44:13-47:29
94                <action android:name="android.intent.action.MAIN" />
94-->src/main/AndroidManifest.xml:45:17-69
94-->src/main/AndroidManifest.xml:45:25-66
95
96                <category android:name="android.intent.category.LAUNCHER" />
96-->src/main/AndroidManifest.xml:46:17-77
96-->src/main/AndroidManifest.xml:46:27-74
97            </intent-filter>
98        </activity>
99
100        <service
100-->[com.google.firebase:firebase-auth-ktx:23.0.0] AndroidManifest.xml:8:9-14:19
101            android:name="com.google.firebase.components.ComponentDiscoveryService"
101-->[com.google.firebase:firebase-auth-ktx:23.0.0] AndroidManifest.xml:9:13-84
102            android:directBootAware="true"
102-->[com.google.firebase:firebase-common:21.0.0] AndroidManifest.xml:32:13-43
103            android:exported="false" >
103-->[com.google.firebase:firebase-auth-ktx:23.0.0] AndroidManifest.xml:10:13-37
104            <meta-data
104-->[com.google.firebase:firebase-auth-ktx:23.0.0] AndroidManifest.xml:11:13-13:85
105                android:name="com.google.firebase.components:com.google.firebase.auth.ktx.FirebaseAuthLegacyRegistrar"
105-->[com.google.firebase:firebase-auth-ktx:23.0.0] AndroidManifest.xml:12:17-119
106                android:value="com.google.firebase.components.ComponentRegistrar" />
106-->[com.google.firebase:firebase-auth-ktx:23.0.0] AndroidManifest.xml:13:17-82
107            <meta-data
107-->[com.google.firebase:firebase-auth:23.0.0] AndroidManifest.xml:69:13-71:85
108                android:name="com.google.firebase.components:com.google.firebase.auth.FirebaseAuthRegistrar"
108-->[com.google.firebase:firebase-auth:23.0.0] AndroidManifest.xml:70:17-109
109                android:value="com.google.firebase.components.ComponentRegistrar" />
109-->[com.google.firebase:firebase-auth:23.0.0] AndroidManifest.xml:71:17-82
110            <meta-data
110-->[com.google.firebase:firebase-database-ktx:21.0.0] AndroidManifest.xml:12:13-14:85
111                android:name="com.google.firebase.components:com.google.firebase.database.ktx.FirebaseDatabaseLegacyRegistrar"
111-->[com.google.firebase:firebase-database-ktx:21.0.0] AndroidManifest.xml:13:17-127
112                android:value="com.google.firebase.components.ComponentRegistrar" />
112-->[com.google.firebase:firebase-database-ktx:21.0.0] AndroidManifest.xml:14:17-82
113            <meta-data
113-->[com.google.firebase:firebase-database:21.0.0] AndroidManifest.xml:29:13-31:85
114                android:name="com.google.firebase.components:com.google.firebase.database.FirebaseDatabaseKtxRegistrar"
114-->[com.google.firebase:firebase-database:21.0.0] AndroidManifest.xml:30:17-120
115                android:value="com.google.firebase.components.ComponentRegistrar" />
115-->[com.google.firebase:firebase-database:21.0.0] AndroidManifest.xml:31:17-82
116            <meta-data
116-->[com.google.firebase:firebase-database:21.0.0] AndroidManifest.xml:32:13-34:85
117                android:name="com.google.firebase.components:com.google.firebase.database.DatabaseRegistrar"
117-->[com.google.firebase:firebase-database:21.0.0] AndroidManifest.xml:33:17-109
118                android:value="com.google.firebase.components.ComponentRegistrar" />
118-->[com.google.firebase:firebase-database:21.0.0] AndroidManifest.xml:34:17-82
119            <meta-data
119-->[com.google.firebase:firebase-firestore-ktx:25.0.0] AndroidManifest.xml:12:13-14:85
120                android:name="com.google.firebase.components:com.google.firebase.firestore.ktx.FirebaseFirestoreLegacyRegistrar"
120-->[com.google.firebase:firebase-firestore-ktx:25.0.0] AndroidManifest.xml:13:17-129
121                android:value="com.google.firebase.components.ComponentRegistrar" />
121-->[com.google.firebase:firebase-firestore-ktx:25.0.0] AndroidManifest.xml:14:17-82
122            <meta-data
122-->[com.google.firebase:firebase-firestore:25.0.0] AndroidManifest.xml:17:13-19:85
123                android:name="com.google.firebase.components:com.google.firebase.firestore.FirebaseFirestoreKtxRegistrar"
123-->[com.google.firebase:firebase-firestore:25.0.0] AndroidManifest.xml:18:17-122
124                android:value="com.google.firebase.components.ComponentRegistrar" />
124-->[com.google.firebase:firebase-firestore:25.0.0] AndroidManifest.xml:19:17-82
125            <meta-data
125-->[com.google.firebase:firebase-firestore:25.0.0] AndroidManifest.xml:20:13-22:85
126                android:name="com.google.firebase.components:com.google.firebase.firestore.FirestoreRegistrar"
126-->[com.google.firebase:firebase-firestore:25.0.0] AndroidManifest.xml:21:17-111
127                android:value="com.google.firebase.components.ComponentRegistrar" />
127-->[com.google.firebase:firebase-firestore:25.0.0] AndroidManifest.xml:22:17-82
128            <meta-data
128-->[com.google.firebase:firebase-analytics-ktx:22.0.0] AndroidManifest.xml:11:13-13:85
129                android:name="com.google.firebase.components:com.google.firebase.analytics.ktx.FirebaseAnalyticsLegacyRegistrar"
129-->[com.google.firebase:firebase-analytics-ktx:22.0.0] AndroidManifest.xml:12:17-129
130                android:value="com.google.firebase.components.ComponentRegistrar" />
130-->[com.google.firebase:firebase-analytics-ktx:22.0.0] AndroidManifest.xml:13:17-82
131            <meta-data
131-->[com.google.android.gms:play-services-measurement-api:22.0.0] AndroidManifest.xml:37:13-39:85
132                android:name="com.google.firebase.components:com.google.firebase.analytics.connector.internal.AnalyticsConnectorRegistrar"
132-->[com.google.android.gms:play-services-measurement-api:22.0.0] AndroidManifest.xml:38:17-139
133                android:value="com.google.firebase.components.ComponentRegistrar" />
133-->[com.google.android.gms:play-services-measurement-api:22.0.0] AndroidManifest.xml:39:17-82
134            <meta-data
134-->[com.google.firebase:firebase-installations:18.0.0] AndroidManifest.xml:15:13-17:85
135                android:name="com.google.firebase.components:com.google.firebase.installations.FirebaseInstallationsKtxRegistrar"
135-->[com.google.firebase:firebase-installations:18.0.0] AndroidManifest.xml:16:17-130
136                android:value="com.google.firebase.components.ComponentRegistrar" />
136-->[com.google.firebase:firebase-installations:18.0.0] AndroidManifest.xml:17:17-82
137            <meta-data
137-->[com.google.firebase:firebase-installations:18.0.0] AndroidManifest.xml:18:13-20:85
138                android:name="com.google.firebase.components:com.google.firebase.installations.FirebaseInstallationsRegistrar"
138-->[com.google.firebase:firebase-installations:18.0.0] AndroidManifest.xml:19:17-127
139                android:value="com.google.firebase.components.ComponentRegistrar" />
139-->[com.google.firebase:firebase-installations:18.0.0] AndroidManifest.xml:20:17-82
140            <meta-data
140-->[com.google.firebase:firebase-common-ktx:21.0.0] AndroidManifest.xml:12:13-14:85
141                android:name="com.google.firebase.components:com.google.firebase.ktx.FirebaseCommonLegacyRegistrar"
141-->[com.google.firebase:firebase-common-ktx:21.0.0] AndroidManifest.xml:13:17-116
142                android:value="com.google.firebase.components.ComponentRegistrar" />
142-->[com.google.firebase:firebase-common-ktx:21.0.0] AndroidManifest.xml:14:17-82
143            <meta-data
143-->[com.google.firebase:firebase-common:21.0.0] AndroidManifest.xml:35:13-37:85
144                android:name="com.google.firebase.components:com.google.firebase.FirebaseCommonKtxRegistrar"
144-->[com.google.firebase:firebase-common:21.0.0] AndroidManifest.xml:36:17-109
145                android:value="com.google.firebase.components.ComponentRegistrar" />
145-->[com.google.firebase:firebase-common:21.0.0] AndroidManifest.xml:37:17-82
146        </service>
147
148        <activity
148-->[com.google.firebase:firebase-auth:23.0.0] AndroidManifest.xml:29:9-46:20
149            android:name="com.google.firebase.auth.internal.GenericIdpActivity"
149-->[com.google.firebase:firebase-auth:23.0.0] AndroidManifest.xml:30:13-80
150            android:excludeFromRecents="true"
150-->[com.google.firebase:firebase-auth:23.0.0] AndroidManifest.xml:31:13-46
151            android:exported="true"
151-->[com.google.firebase:firebase-auth:23.0.0] AndroidManifest.xml:32:13-36
152            android:launchMode="singleTask"
152-->[com.google.firebase:firebase-auth:23.0.0] AndroidManifest.xml:33:13-44
153            android:theme="@android:style/Theme.Translucent.NoTitleBar" >
153-->[com.google.firebase:firebase-auth:23.0.0] AndroidManifest.xml:34:13-72
154            <intent-filter>
154-->[com.google.firebase:firebase-auth:23.0.0] AndroidManifest.xml:35:13-45:29
155                <action android:name="android.intent.action.VIEW" />
155-->[com.google.firebase:firebase-auth:23.0.0] AndroidManifest.xml:36:17-69
155-->[com.google.firebase:firebase-auth:23.0.0] AndroidManifest.xml:36:25-66
156
157                <category android:name="android.intent.category.DEFAULT" />
157-->[com.google.firebase:firebase-auth:23.0.0] AndroidManifest.xml:38:17-76
157-->[com.google.firebase:firebase-auth:23.0.0] AndroidManifest.xml:38:27-73
158                <category android:name="android.intent.category.BROWSABLE" />
158-->[com.google.firebase:firebase-auth:23.0.0] AndroidManifest.xml:39:17-78
158-->[com.google.firebase:firebase-auth:23.0.0] AndroidManifest.xml:39:27-75
159
160                <data
160-->[com.google.firebase:firebase-auth:23.0.0] AndroidManifest.xml:41:17-44:51
161                    android:host="firebase.auth"
161-->[com.google.firebase:firebase-auth:23.0.0] AndroidManifest.xml:42:21-49
162                    android:path="/"
162-->[com.google.firebase:firebase-auth:23.0.0] AndroidManifest.xml:43:21-37
163                    android:scheme="genericidp" />
163-->[com.google.firebase:firebase-auth:23.0.0] AndroidManifest.xml:44:21-48
164            </intent-filter>
165        </activity>
166        <activity
166-->[com.google.firebase:firebase-auth:23.0.0] AndroidManifest.xml:47:9-64:20
167            android:name="com.google.firebase.auth.internal.RecaptchaActivity"
167-->[com.google.firebase:firebase-auth:23.0.0] AndroidManifest.xml:48:13-79
168            android:excludeFromRecents="true"
168-->[com.google.firebase:firebase-auth:23.0.0] AndroidManifest.xml:49:13-46
169            android:exported="true"
169-->[com.google.firebase:firebase-auth:23.0.0] AndroidManifest.xml:50:13-36
170            android:launchMode="singleTask"
170-->[com.google.firebase:firebase-auth:23.0.0] AndroidManifest.xml:51:13-44
171            android:theme="@android:style/Theme.Translucent.NoTitleBar" >
171-->[com.google.firebase:firebase-auth:23.0.0] AndroidManifest.xml:52:13-72
172            <intent-filter>
172-->[com.google.firebase:firebase-auth:23.0.0] AndroidManifest.xml:53:13-63:29
173                <action android:name="android.intent.action.VIEW" />
173-->[com.google.firebase:firebase-auth:23.0.0] AndroidManifest.xml:36:17-69
173-->[com.google.firebase:firebase-auth:23.0.0] AndroidManifest.xml:36:25-66
174
175                <category android:name="android.intent.category.DEFAULT" />
175-->[com.google.firebase:firebase-auth:23.0.0] AndroidManifest.xml:38:17-76
175-->[com.google.firebase:firebase-auth:23.0.0] AndroidManifest.xml:38:27-73
176                <category android:name="android.intent.category.BROWSABLE" />
176-->[com.google.firebase:firebase-auth:23.0.0] AndroidManifest.xml:39:17-78
176-->[com.google.firebase:firebase-auth:23.0.0] AndroidManifest.xml:39:27-75
177
178                <data
178-->[com.google.firebase:firebase-auth:23.0.0] AndroidManifest.xml:41:17-44:51
179                    android:host="firebase.auth"
179-->[com.google.firebase:firebase-auth:23.0.0] AndroidManifest.xml:42:21-49
180                    android:path="/"
180-->[com.google.firebase:firebase-auth:23.0.0] AndroidManifest.xml:43:21-37
181                    android:scheme="recaptcha" />
181-->[com.google.firebase:firebase-auth:23.0.0] AndroidManifest.xml:44:21-48
182            </intent-filter>
183        </activity>
184
185        <service
185-->[androidx.credentials:credentials-play-services-auth:1.2.0-rc01] AndroidManifest.xml:24:9-32:19
186            android:name="androidx.credentials.playservices.CredentialProviderMetadataHolder"
186-->[androidx.credentials:credentials-play-services-auth:1.2.0-rc01] AndroidManifest.xml:25:13-94
187            android:enabled="true"
187-->[androidx.credentials:credentials-play-services-auth:1.2.0-rc01] AndroidManifest.xml:26:13-35
188            android:exported="false" >
188-->[androidx.credentials:credentials-play-services-auth:1.2.0-rc01] AndroidManifest.xml:27:13-37
189            <meta-data
189-->[androidx.credentials:credentials-play-services-auth:1.2.0-rc01] AndroidManifest.xml:29:13-31:104
190                android:name="androidx.credentials.CREDENTIAL_PROVIDER_KEY"
190-->[androidx.credentials:credentials-play-services-auth:1.2.0-rc01] AndroidManifest.xml:30:17-76
191                android:value="androidx.credentials.playservices.CredentialProviderPlayServicesImpl" />
191-->[androidx.credentials:credentials-play-services-auth:1.2.0-rc01] AndroidManifest.xml:31:17-101
192        </service>
193
194        <activity
194-->[androidx.credentials:credentials-play-services-auth:1.2.0-rc01] AndroidManifest.xml:34:9-41:20
195            android:name="androidx.credentials.playservices.HiddenActivity"
195-->[androidx.credentials:credentials-play-services-auth:1.2.0-rc01] AndroidManifest.xml:35:13-76
196            android:configChanges="orientation|screenSize|screenLayout|keyboardHidden"
196-->[androidx.credentials:credentials-play-services-auth:1.2.0-rc01] AndroidManifest.xml:36:13-87
197            android:enabled="true"
197-->[androidx.credentials:credentials-play-services-auth:1.2.0-rc01] AndroidManifest.xml:37:13-35
198            android:exported="false"
198-->[androidx.credentials:credentials-play-services-auth:1.2.0-rc01] AndroidManifest.xml:38:13-37
199            android:fitsSystemWindows="true"
199-->[androidx.credentials:credentials-play-services-auth:1.2.0-rc01] AndroidManifest.xml:39:13-45
200            android:theme="@style/Theme.Hidden" >
200-->[androidx.credentials:credentials-play-services-auth:1.2.0-rc01] AndroidManifest.xml:40:13-48
201        </activity>
202        <activity
202-->[com.google.android.gms:play-services-auth:21.0.0] AndroidManifest.xml:23:9-27:75
203            android:name="com.google.android.gms.auth.api.signin.internal.SignInHubActivity"
203-->[com.google.android.gms:play-services-auth:21.0.0] AndroidManifest.xml:24:13-93
204            android:excludeFromRecents="true"
204-->[com.google.android.gms:play-services-auth:21.0.0] AndroidManifest.xml:25:13-46
205            android:exported="false"
205-->[com.google.android.gms:play-services-auth:21.0.0] AndroidManifest.xml:26:13-37
206            android:theme="@android:style/Theme.Translucent.NoTitleBar" />
206-->[com.google.android.gms:play-services-auth:21.0.0] AndroidManifest.xml:27:13-72
207        <!--
208            Service handling Google Sign-In user revocation. For apps that do not integrate with
209            Google Sign-In, this service will never be started.
210        -->
211        <service
211-->[com.google.android.gms:play-services-auth:21.0.0] AndroidManifest.xml:33:9-37:51
212            android:name="com.google.android.gms.auth.api.signin.RevocationBoundService"
212-->[com.google.android.gms:play-services-auth:21.0.0] AndroidManifest.xml:34:13-89
213            android:exported="true"
213-->[com.google.android.gms:play-services-auth:21.0.0] AndroidManifest.xml:35:13-36
214            android:permission="com.google.android.gms.auth.api.signin.permission.REVOCATION_NOTIFICATION"
214-->[com.google.android.gms:play-services-auth:21.0.0] AndroidManifest.xml:36:13-107
215            android:visibleToInstantApps="true" />
215-->[com.google.android.gms:play-services-auth:21.0.0] AndroidManifest.xml:37:13-48
216        <!--
217        This activity is an invisible delegate activity to start scanner activity
218        and receive result, so it's unnecessary to support screen orientation and
219        we can avoid any side effect from activity recreation in any case.
220        -->
221        <activity
221-->[com.google.android.gms:play-services-code-scanner:16.1.0] AndroidManifest.xml:15:9-20:20
222            android:name="com.google.mlkit.vision.codescanner.internal.GmsBarcodeScanningDelegateActivity"
222-->[com.google.android.gms:play-services-code-scanner:16.1.0] AndroidManifest.xml:16:13-107
223            android:exported="false"
223-->[com.google.android.gms:play-services-code-scanner:16.1.0] AndroidManifest.xml:17:13-37
224            android:screenOrientation="portrait" >
224-->[com.google.android.gms:play-services-code-scanner:16.1.0] AndroidManifest.xml:18:13-49
225        </activity>
226
227        <service
227-->[com.google.mlkit:vision-common:17.0.0] AndroidManifest.xml:9:9-15:19
228            android:name="com.google.mlkit.common.internal.MlKitComponentDiscoveryService"
228-->[com.google.mlkit:vision-common:17.0.0] AndroidManifest.xml:10:13-91
229            android:directBootAware="true"
229-->[com.google.mlkit:common:18.9.0] AndroidManifest.xml:17:13-43
230            android:exported="false" >
230-->[com.google.mlkit:vision-common:17.0.0] AndroidManifest.xml:11:13-37
231            <meta-data
231-->[com.google.mlkit:vision-common:17.0.0] AndroidManifest.xml:12:13-14:85
232                android:name="com.google.firebase.components:com.google.mlkit.vision.common.internal.VisionCommonRegistrar"
232-->[com.google.mlkit:vision-common:17.0.0] AndroidManifest.xml:13:17-124
233                android:value="com.google.firebase.components.ComponentRegistrar" />
233-->[com.google.mlkit:vision-common:17.0.0] AndroidManifest.xml:14:17-82
234            <meta-data
234-->[com.google.mlkit:common:18.9.0] AndroidManifest.xml:20:13-22:85
235                android:name="com.google.firebase.components:com.google.mlkit.common.internal.CommonComponentRegistrar"
235-->[com.google.mlkit:common:18.9.0] AndroidManifest.xml:21:17-120
236                android:value="com.google.firebase.components.ComponentRegistrar" />
236-->[com.google.mlkit:common:18.9.0] AndroidManifest.xml:22:17-82
237        </service>
238
239        <provider
239-->[com.google.mlkit:common:18.9.0] AndroidManifest.xml:9:9-13:38
240            android:name="com.google.mlkit.common.internal.MlKitInitProvider"
240-->[com.google.mlkit:common:18.9.0] AndroidManifest.xml:10:13-78
241            android:authorities="com.example.askidaayemek.mlkitinitprovider"
241-->[com.google.mlkit:common:18.9.0] AndroidManifest.xml:11:13-69
242            android:exported="false"
242-->[com.google.mlkit:common:18.9.0] AndroidManifest.xml:12:13-37
243            android:initOrder="99" />
243-->[com.google.mlkit:common:18.9.0] AndroidManifest.xml:13:13-35
244
245        <activity
245-->[com.google.android.gms:play-services-base:18.3.0] AndroidManifest.xml:20:9-22:45
246            android:name="com.google.android.gms.common.api.GoogleApiActivity"
246-->[com.google.android.gms:play-services-base:18.3.0] AndroidManifest.xml:20:19-85
247            android:exported="false"
247-->[com.google.android.gms:play-services-base:18.3.0] AndroidManifest.xml:22:19-43
248            android:theme="@android:style/Theme.Translucent.NoTitleBar" />
248-->[com.google.android.gms:play-services-base:18.3.0] AndroidManifest.xml:21:19-78
249
250        <property
250-->[com.google.android.gms:play-services-measurement-api:22.0.0] AndroidManifest.xml:30:9-32:61
251            android:name="android.adservices.AD_SERVICES_CONFIG"
251-->[com.google.android.gms:play-services-measurement-api:22.0.0] AndroidManifest.xml:31:13-65
252            android:resource="@xml/ga_ad_services_config" />
252-->[com.google.android.gms:play-services-measurement-api:22.0.0] AndroidManifest.xml:32:13-58
253
254        <provider
254-->[com.google.firebase:firebase-common:21.0.0] AndroidManifest.xml:23:9-28:39
255            android:name="com.google.firebase.provider.FirebaseInitProvider"
255-->[com.google.firebase:firebase-common:21.0.0] AndroidManifest.xml:24:13-77
256            android:authorities="com.example.askidaayemek.firebaseinitprovider"